<?xml version="1.0" encoding="UTF-8"?>
<testsuite name="org.chain3j.abi.TypeEncoderTest" tests="12" skipped="0" failures="0" errors="0" timestamp="2018-12-15T21:24:55" hostname="DESKTOP-76MCRLL" time="0.055">
  <properties/>
  <testcase name="testEmptyArray" classname="org.chain3j.abi.TypeEncoderTest" time="0.001"/>
  <testcase name="testAddress" classname="org.chain3j.abi.TypeEncoderTest" time="0.0"/>
  <testcase name="testTooLargeUintEncode" classname="org.chain3j.abi.TypeEncoderTest" time="0.001"/>
  <testcase name="testStaticBytes" classname="org.chain3j.abi.TypeEncoderTest" time="0.001"/>
  <testcase name="testIntEncode" classname="org.chain3j.abi.TypeEncoderTest" time="0.002"/>
  <testcase name="testUtf8String" classname="org.chain3j.abi.TypeEncoderTest" time="0.002"/>
  <testcase name="testFixedArray" classname="org.chain3j.abi.TypeEncoderTest" time="0.003"/>
  <testcase name="testDynamicArray" classname="org.chain3j.abi.TypeEncoderTest" time="0.01"/>
  <testcase name="testDynamicBytes" classname="org.chain3j.abi.TypeEncoderTest" time="0.008"/>
  <testcase name="testUintEncode" classname="org.chain3j.abi.TypeEncoderTest" time="0.005"/>
  <testcase name="testInvalidUintEncode" classname="org.chain3j.abi.TypeEncoderTest" time="0.001"/>
  <testcase name="testBoolEncode" classname="org.chain3j.abi.TypeEncoderTest" time="0.001"/>
  <system-out><![CDATA[]]></system-out>
  <system-err><![CDATA[]]></system-err>
</testsuite>
